Post-processing...
[32m[I 2022-06-07 10:35:32,855][0m A new study created in memory with name: no-name-04900fe2-2e78-4f29-aa22-0df58a4c3ea1[0m
Running 200 trials...
no-name-04900fe2-2e78-4f29-aa22-0df58a4c3ea1
epoch 0
epoch 1
Mean Training time per state 0.6170354322953657
[32m[I 2022-06-07 10:38:58,252][0m Trial 0 finished with value: 63.23619959111001 and parameters: {'g_reg': -1.571214380889379, 'f_reg': -0.1736185942910886, 'm_reg': -4.732734686201351, 'output_scale': 0.15356983835453675, 'length_mean': -1.1213935203875196, 'length_var': -1.8639347322016813}. Best is trial 0 with value: 63.23619959111001.[0m

DTW mean relative error: 63.23619959111001%
(G_reg, F_reg, M_reg, output_scale, length_mean, length_var) (0.026840192055512333, 0.6704731732813113, 1.850398696378955e-05, 1.4241962514575162, 0.07561474286066676, 0.013679343897028181)
______________________________________________________________________________
epoch 0
epoch 1
Mean Training time per state 0.6866141774437644
[32m[I 2022-06-07 10:42:11,051][0m Trial 1 finished with value: 64.10628066528967 and parameters: {'g_reg': -2.5062566512692515, 'f_reg': -4.315795543998426, 'm_reg': -1.939922291492076, 'output_scale': -0.043537492974997205, 'length_mean': -2.726344621467807, 'length_var': -0.9412741137293472}. Best is trial 0 with value: 63.23619959111001.[0m

DTW mean relative error: 64.10628066528967%
(G_reg, F_reg, M_reg, output_scale, length_mean, length_var) (0.0031170469852864285, 4.832862687172129e-05, 0.011483590795240799, 0.9046123384914835, 0.0018778261323668828, 0.1144790155952418)
______________________________________________________________________________
epoch 0
epoch 1
Mean Training time per state 0.6606239622289485
[32m[I 2022-06-07 10:45:29,494][0m Trial 2 finished with value: 63.64175329130746 and parameters: {'g_reg': -3.2079744272469513, 'f_reg': -4.197144704702002, 'm_reg': -5.932196155309391, 'output_scale': 0.05959279166374665, 'length_mean': -1.4231747866404683, 'length_var': -2.2743174957787713}. Best is trial 0 with value: 63.23619959111001.[0m

DTW mean relative error: 63.64175329130746%
(G_reg, F_reg, M_reg, output_scale, length_mean, length_var) (0.000619477550972035, 6.35119278094905e-05, 1.1689712891775812e-06, 1.1470775806425644, 0.037742026337581114, 0.005317193978035577)
______________________________________________________________________________
epoch 0
epoch 1
Mean Training time per state 0.6577644023028286
[32m[I 2022-06-07 10:48:44,647][0m Trial 3 finished with value: 67.7917578791171 and parameters: {'g_reg': -2.3257031556710253, 'f_reg': -0.5139386362133962, 'm_reg': -0.08208736620787427, 'output_scale': 0.028106592214343973, 'length_mean': -2.03423751636448, 'length_var': -1.7660431742823777}. Best is trial 0 with value: 63.23619959111001.[0m

DTW mean relative error: 67.7917578791171%
(G_reg, F_reg, M_reg, output_scale, length_mean, length_var) (0.004723858110506631, 0.30623961054225063, 0.8277756248889783, 1.066857936197425, 0.009241925932542656, 0.017137869272669585)
______________________________________________________________________________
epoch 0
epoch 1
Mean Training time per state 0.6414554877714678
Process ForkPoolWorker-55:
Traceback (most recent call last):
  File "/home/iss/anaconda3/envs/gpyro/lib/python3.10/site-packages/multiprocessing_on_dill/process.py", line 254, in _bootstrap
    self.run()
  File "/home/iss/anaconda3/envs/gpyro/lib/python3.10/site-packages/multiprocessing_on_dill/process.py", line 93, in run
    self._target(*self._args, **self._kwargs)
  File "/home/iss/anaconda3/envs/gpyro/lib/python3.10/site-packages/multiprocessing_on_dill/pool.py", line 108, in worker
    task = get()
  File "/home/iss/anaconda3/envs/gpyro/lib/python3.10/site-packages/multiprocessing_on_dill/queues.py", line 345, in get
    return ForkingPickler.loads(res)
  File "/home/iss/anaconda3/envs/gpyro/lib/python3.10/site-packages/dill/_dill.py", line 387, in loads
    return load(file, ignore, **kwds)
  File "/home/iss/anaconda3/envs/gpyro/lib/python3.10/site-packages/dill/_dill.py", line 373, in load
    return Unpickler(file, ignore=ignore, **kwds).load()
  File "/home/iss/anaconda3/envs/gpyro/lib/python3.10/site-packages/dill/_dill.py", line 646, in load
    obj = StockUnpickler.load(self)
_pickle.UnpicklingError: invalid load key, '\x00'.
